<?xml version="1.0" encoding="UTF-8"?>
<!-- Generated by org.testng.reporters.JUnitReportReporter -->
<testsuite hostname="LAPTOP-835HVITO" name="com.loghtyrian.BasicTest" tests="1" failures="0" timestamp="7 Mar 2017 04:47:27 GMT" time="24.172" errors="0">
  <testcase name="checkLife" time="24.172" classname="com.loghtyrian.BasicTest"/>
</testsuite> <!-- com.loghtyrian.BasicTest -->
