<?xml version="1.0" encoding="UTF-8"?>
<!-- Generated by org.testng.reporters.JUnitReportReporter -->
<testsuite hostname="LAPTOP-835HVITO" name="com.loghtyrian.BasicTest" tests="1" failures="0" timestamp="8 Mar 2017 03:58:49 GMT" time="27.959" errors="0">
  <testcase name="checkLifeVideo" time="27.959" classname="com.loghtyrian.BasicTest"/>
</testsuite> <!-- com.loghtyrian.BasicTest -->
