<?xml version="1.0" encoding="UTF-8"?>
<!-- Generated by org.testng.reporters.JUnitReportReporter -->
<testsuite hostname="DESKTOP-M2CA09G" name="com.loghtyrian.BasicTest" tests="2" failures="0" timestamp="12 Feb 2017 04:10:39 GMT" time="13.625" errors="0">
  <testcase name="googleMilkExample" time="6.332" classname="com.loghtyrian.BasicTest"/>
  <testcase name="googleCheeseExample" time="7.293" classname="com.loghtyrian.BasicTest"/>
</testsuite> <!-- com.loghtyrian.BasicTest -->
